# JRE version: Java(TM) SE Runtime Environment (10.0.2+13) (build 10.0.2+13)
# Java VM: Java HotSpot(TM) 64-Bit Server VM (10.0.2+13, mixed mode, tiered, compressed oops, g1 gc, windows-amd64)
Heap:
 garbage-first heap   total 187392K, used 54693K [0x0000000083600000, 0x0000000100000000)
  region size 1024K, 27 young (27648K), 5 survivors (5120K)
 Metaspace       used 52154K, capacity 53691K, committed 54016K, reserved 1095680K
  class space    used 6569K, capacity 7152K, committed 7168K, reserved 1048576K
GC Heap History (10 events):
Event: 2.159 GC heap before
{Heap before GC invocations=5 (full 0):
 garbage-first heap   total 129024K, used 67278K [0x0000000083600000, 0x0000000100000000)
  region size 1024K, 62 young (63488K), 4 survivors (4096K)
 Metaspace       used 27612K, capacity 28392K, committed 28672K, reserved 1075200K
  class space    used 3452K, capacity 3789K, committed 3840K, reserved 1048576K
}
Event: 2.171 GC heap after
{Heap after GC invocations=6 (full 0):
 garbage-first heap   total 155648K, used 14542K [0x0000000083600000, 0x0000000100000000)
  region size 1024K, 8 young (8192K), 8 survivors (8192K)
 Metaspace       used 27612K, capacity 28392K, committed 28672K, reserved 1075200K
  class space    used 3452K, capacity 3789K, committed 3840K, reserved 1048576K
}
Event: 3.538 GC heap before
{Heap before GC invocations=6 (full 0):
 garbage-first heap   total 155648K, used 96462K [0x0000000083600000, 0x0000000100000000)
  region size 1024K, 88 young (90112K), 8 survivors (8192K)
 Metaspace       used 34165K, capacity 35188K, committed 35456K, reserved 1079296K
  class space    used 4282K, capacity 4680K, committed 4736K, reserved 1048576K
}
Event: 3.556 GC heap after
{Heap after GC invocations=7 (full 0):
 garbage-first heap   total 155648K, used 20912K [0x0000000083600000, 0x0000000100000000)
  region size 1024K, 7 young (7168K), 7 survivors (7168K)
 Metaspace       used 34165K, capacity 35188K, committed 35456K, reserved 1079296K
  class space    used 4282K, capacity 4680K, committed 4736K, reserved 1048576K
}
Event: 3.771 GC heap before
{Heap before GC invocations=7 (full 0):
 garbage-first heap   total 155648K, used 35248K [0x0000000083600000, 0x0000000100000000)
  region size 1024K, 22 young (22528K), 7 survivors (7168K)
 Metaspace       used 34693K, capacity 35663K, committed 35840K, reserved 1081344K
  class space    used 4363K, capacity 4789K, committed 4864K, reserved 1048576K
}
Event: 3.781 GC heap after
{Heap after GC invocations=8 (full 0):
 garbage-first heap   total 155648K, used 21643K [0x0000000083600000, 0x0000000100000000)
  region size 1024K, 7 young (7168K), 7 survivors (7168K)
 Metaspace       used 34693K, capacity 35663K, committed 35840K, reserved 1081344K
  class space    used 4363K, capacity 4789K, committed 4864K, reserved 1048576K
}
Event: 13.700 GC heap before
{Heap before GC invocations=9 (full 0):
 garbage-first heap   total 155648K, used 106635K [0x0000000083600000, 0x0000000100000000)
  region size 1024K, 90 young (92160K), 7 survivors (7168K)
 Metaspace       used 44775K, capacity 46022K, committed 46336K, reserved 1089536K
  class space    used 5640K, capacity 6131K, committed 6144K, reserved 1048576K
}
Event: 13.722 GC heap after
{Heap after GC invocations=10 (full 0):
 garbage-first heap   total 155648K, used 29306K [0x0000000083600000, 0x0000000100000000)
  region size 1024K, 10 young (10240K), 10 survivors (10240K)
 Metaspace       used 44775K, capacity 46022K, committed 46336K, reserved 1089536K
  class space    used 5640K, capacity 6131K, committed 6144K, reserved 1048576K
}
Event: 40.322 GC heap before
{Heap before GC invocations=10 (full 0):
 garbage-first heap   total 155648K, used 112250K [0x0000000083600000, 0x0000000100000000)
  region size 1024K, 91 young (93184K), 10 survivors (10240K)
 Metaspace       used 50337K, capacity 51780K, committed 52096K, reserved 1093632K
  class space    used 6373K, capacity 6945K, committed 7040K, reserved 1048576K
}
Event: 40.344 GC heap after
{Heap after GC invocations=11 (full 0):
 garbage-first heap   total 187392K, used 33189K [0x0000000083600000, 0x0000000100000000)
  region size 1024K, 5 young (5120K), 5 survivors (5120K)
 Metaspace       used 50337K, capacity 51780K, committed 52096K, reserved 1093632K
  class space    used 6373K, capacity 6945K, committed 7040K, reserved 1048576K
}

